ISim log file
Running: E:\CO\co-lab\P4_PW\mips_tb_isim_beh.exe -intstyle ise -gui -tclbatch isim.cmd -wdb E:/CO/co-lab/P4_PW/mips_tb_isim_beh.wdb 
ISim P.20131013 (signature 0x7708f090)
----------------------------------------------------------------------
WARNING:Security:42 - Your software subscription period has lapsed. Your current version of Xilinx tools will continue to function, but you no longer qualify for Xilinx software updates or new releases.


----------------------------------------------------------------------
This is a Full version of ISim.
Time resolution is 1 ps
# onerror resume
# wave add /
# run 1000 ns
Simulator is doing circuit initialization process.
Finished circuit initialization process.
@00003000: $17 <= 00000000
@00003004: $ 1 <= 0000003c
@00003008: $ 4 <= 00000000
@0000300c: $ 1 <= 0000003c
@00003010: $26 <= 00000000
@00003014: $ 1 <= 0000003c
@00003018: *00000014 <= 00000000
@0000301c: $ 1 <= ebea0000
@00003020: $ 1 <= 0000003c
@00003024: *00000020 <= 00000000
@00003028: $ 1 <= 0000003c
@0000302c: *0000005c <= 00000000
@00003030: $ 1 <= 0000003c
@00003034: *00000030 <= 00000000
@00003038: $ 1 <= 0000003c
@0000303c: *00000024 <= 00000000
@00003040: $10 <= 00000000
@00003044: $10 <= 00000000
@00003048: $28 <= 00000000
@0000304c: $13 <= c0010000
@00003050: $11 <= cfc80000
@00003054: $ 1 <= 0000003c
@00003058: *00000030 <= cfc80000
@0000305c: $16 <= 00000000
@00003060: $ 1 <= 0000003c
@00003064: $18 <= 00000000
@00003068: $14 <= 0bcb0000
@0000306c: *00000030 <= 00000000
@00003070: $20 <= 00000000
@00003074: *00000024 <= 00000000
@00003078: $ 1 <= 0000003c
@0000307c: *00000000 <= 0000003c
@00003080: $30 <= 00000000
@00003084: $ 1 <= 0000003c
@00003088: $18 <= 00000000
@0000308c: $ 1 <= 0000003c
@00003090: *00000020 <= 00000000
@00003094: $ 4 <= 0000003c
@00003098: $ 2 <= 0000003c
@0000309c: $ 1 <= 0000003c
@000030a0: *00000008 <= 0000003c
@000030a4: $ 1 <= 0000003c
@000030a8: *00000010 <= 00000000
@000030ac: $ 1 <= 0000003c
@000030b0: *00000040 <= 00000000
@000030b4: $18 <= 09330000
@000030b8: $ 1 <= 0000003c
@000030bc: *0000000c <= 00000000
@000030c0: *00000030 <= 00000000
@000030c4: $ 1 <= 0000003c
@000030c8: $31 <= 00000000
@000030cc: $ 1 <= 0000003c
@000030d0: *00000004 <= 00000000
@000030d4: $ 1 <= 0000003c
@000030d8: *00000024 <= 00000000
@000030dc: $ 1 <= 0000003c
@000030e0: *00000008 <= c0010000
@000030e4: $ 1 <= 0000003c
@000030e8: *00000010 <= 00000000
@000030ec: *0000002c <= 00000000
@000030f0: $ 1 <= 0000003c
@000030f4: *00000024 <= 00000000
@000030f8: *00000034 <= 00000000
@000030fc: $13 <= 09330000
@00003100: $ 1 <= 0000003c
@00003104: *0000005c <= 00000000
@00003108: $ 1 <= 0000003c
@0000310c: *00000028 <= 0bcb0000
@00003110: $31 <= cfc80000
@00003114: $ 4 <= 0000003c
@00003118: $ 1 <= 0000003c
@0000311c: *00000040 <= 00000000
@00003120: $ 1 <= 0000003c
@00003124: $22 <= 00000000
@00003128: *00000000 <= 00000000
@0000312c: *0000002c <= 0000003c
@00003130: $18 <= 00000000
@00003134: $31 <= 72bc0000
@00003138: $ 3 <= 00000000
@0000313c: *00000014 <= 00000000
@00003140: $ 9 <= 42840000
@00003144: *00000028 <= 00000000
@00003148: $ 1 <= 0000003c
@0000314c: $26 <= 00000000
@00003150: $22 <= 00000000
@00003154: $ 2 <= 4af10000
@00003158: $ 3 <= 00000000
@0000315c: $ 1 <= 0000003c
@00003160: *00000000 <= 00000000
@00003164: *00000024 <= 00000000
